========================================
      RAPORT ANALIZY MANIFESTU APK      
========================================
PAKIET GЕЃГ“WNY: io.appium.android.apis
LICZBA UPRAWNIEЕѓ: 12
LICZBA AKTYWNOЕљCI: 332

LISTA UPRAWNIEЕѓ:
 [-] android.permission.READ_CONTACTS
 [-] android.permission.WRITE_CONTACTS
 [-] android.permission.VIBRATE
 [-] android.permission.ACCESS_COARSE_LOCATION
 [-] android.permission.INTERNET
 [-] android.permission.SET_WALLPAPER
 [-] android.permission.WRITE_EXTERNAL_STORAGE
 [-] android.permission.SEND_SMS
 [-] android.permission.RECEIVE_SMS
 [-] android.permission.NFC
 [-] android.permission.RECORD_AUDIO
 [-] android.permission.CAMERA

LISTA AKTYWNOЕљCI:
 [!] io.appium.android.apis.ApiDemos
 [!] io.appium.android.apis.app.HelloWorld
 [!] io.appium.android.apis.app.DialogActivity
 [!] io.appium.android.apis.app.CustomDialogActivity
 [!] io.appium.android.apis.app.QuickContactsDemo
 [!] io.appium.android.apis.app.WallpaperActivity
 [!] io.appium.android.apis.app.TranslucentActivity
 [!] io.appium.android.apis.app.TranslucentBlurActivity
 [!] io.appium.android.apis.app.Animation
 [!] io.appium.android.apis.app.SaveRestoreState
 [!] io.appium.android.apis.app.PersistentState
 [!] io.appium.android.apis.app.ActivityRecreate
 [!] io.appium.android.apis.app.FinishAffinity
 [!] io.appium.android.apis.app.SoftInputModes
 [!] io.appium.android.apis.app.ReceiveResult
 [!] io.appium.android.apis.app.SendResult
 [!] io.appium.android.apis.app.Forwarding
 [!] io.appium.android.apis.app.ForwardTarget
 [!] io.appium.android.apis.app.RedirectEnter
 [!] io.appium.android.apis.app.RedirectMain
 [!] io.appium.android.apis.app.RedirectGetter
 [!] io.appium.android.apis.app.CustomTitle
 [!] io.appium.android.apis.app.ReorderOnLaunch
 [!] io.appium.android.apis.app.ReorderTwo
 [!] io.appium.android.apis.app.ReorderThree
 [!] io.appium.android.apis.app.ReorderFour
 [!] io.appium.android.apis.app.SetWallpaperActivity
 [!] io.appium.android.apis.app.ScreenOrientation
 [!] io.appium.android.apis.app.PresentationActivity
 [!] io.appium.android.apis.app.PresentationWithMediaRouterActivity
 [!] io.appium.android.apis.app.SecureWindowActivity
 [!] io.appium.android.apis.app.SecureDialogActivity
 [!] io.appium.android.apis.app.SecureSurfaceViewActivity
 [!] io.appium.android.apis.app.FragmentAlertDialog
 [!] io.appium.android.apis.app.FragmentArguments
 [!] io.appium.android.apis.app.FragmentCustomAnimations
 [!] io.appium.android.apis.app.FragmentHideShow
 [!] io.appium.android.apis.app.FragmentContextMenu
 [!] io.appium.android.apis.app.FragmentDialog
 [!] io.appium.android.apis.app.FragmentDialogOrActivity
 [!] io.appium.android.apis.app.FragmentLayout
 [!] io.appium.android.apis.app.FragmentLayout$DetailsActivity
 [!] io.appium.android.apis.app.FragmentListArray
 [!] io.appium.android.apis.app.FragmentMenu
 [!] io.appium.android.apis.app.FragmentNestingTabs
 [!] io.appium.android.apis.app.FragmentRetainInstance
 [!] io.appium.android.apis.app.FragmentReceiveResult
 [!] io.appium.android.apis.app.FragmentStack
 [!] io.appium.android.apis.app.FragmentTabs
 [!] io.appium.android.apis.app.LoaderCursor
 [!] io.appium.android.apis.app.LoaderCustom
 [!] io.appium.android.apis.app.LoaderThrottle
 [!] io.appium.android.apis.app.LoaderRetained
 [!] io.appium.android.apis.app.Intents
 [!] io.appium.android.apis.app.IntentActivityFlags
 [!] io.appium.android.apis.app.LocalServiceActivities$Controller
 [!] io.appium.android.apis.app.LocalServiceActivities$Binding
 [!] io.appium.android.apis.app.MessengerServiceActivities$Binding
 [!] io.appium.android.apis.app.RemoteService$Controller
 [!] io.appium.android.apis.app.RemoteService$Binding
 [!] io.appium.android.apis.app.RemoteService$BindingOptions
 [!] io.appium.android.apis.app.ServiceStartArguments$Controller
 [!] io.appium.android.apis.app.ForegroundService$Controller
 [!] io.appium.android.apis.app.IsolatedService$Controller
 [!] io.appium.android.apis.app.AlarmController
 [!] io.appium.android.apis.app.AlarmService
 [!] io.appium.android.apis.accessibility.ClockBackActivity
 [!] io.appium.android.apis.accessibility.TaskListActivity
 [!] io.appium.android.apis.accessibility.CustomViewAccessibilityActivity
 [!] io.appium.android.apis.app.LocalSample
 [!] io.appium.android.apis.app.ContactsFilter
 [!] io.appium.android.apis.app.NotifyWithText
 [!] io.appium.android.apis.app.IncomingMessage
 [!] io.appium.android.apis.app.IncomingMessageView
 [!] io.appium.android.apis.app.IncomingMessageInterstitial
 [!] io.appium.android.apis.app.NotificationDisplay
 [!] io.appium.android.apis.app.StatusBarNotifications
 [!] io.appium.android.apis.app.NotifyingController
 [!] io.appium.android.apis.app.AlertDialogSamples
 [!] io.appium.android.apis.app.SearchInvoke
 [!] io.appium.android.apis.app.SearchQueryResults
 [!] io.appium.android.apis.app.LauncherShortcuts
 [!] io.appium.android.apis.app.MenuInflateFromXml
 [!] io.appium.android.apis.app.DeviceAdminSample
 [!] io.appium.android.apis.app.VoiceRecognition
 [!] io.appium.android.apis.app.TextToSpeechActivity
 [!] io.appium.android.apis.app.ActionBarMechanics
 [!] io.appium.android.apis.app.ActionBarUsage
 [!] io.appium.android.apis.app.ActionBarDisplayOptions
 [!] io.appium.android.apis.app.ActionBarTabs
 [!] io.appium.android.apis.app.ActionBarSettingsActionProviderActivity
 [!] io.appium.android.apis.app.ActionBarShareActionProviderActivity
 [!] io.appium.android.apis.accessibility.AccessibilityNodeProviderActivity
 [!] io.appium.android.apis.preference.FragmentPreferences
 [!] io.appium.android.apis.preference.PreferenceWithHeaders
 [!] io.appium.android.apis.preference.PreferencesFromXml
 [!] io.appium.android.apis.preference.PreferencesFromCode
 [!] io.appium.android.apis.preference.AdvancedPreferences
 [!] io.appium.android.apis.preference.LaunchingPreferences
 [!] io.appium.android.apis.preference.PreferenceDependencies
 [!] io.appium.android.apis.preference.DefaultValues
 [!] io.appium.android.apis.preference.SwitchPreference
 [!] io.appium.android.apis.content.ClipboardSample
 [!] io.appium.android.apis.content.ExternalStorage
 [!] io.appium.android.apis.content.StyledText
 [!] io.appium.android.apis.content.ResourcesLayoutReference
 [!] io.appium.android.apis.content.ResourcesWidthAndHeight
 [!] io.appium.android.apis.content.ResourcesSmallestWidth
 [!] io.appium.android.apis.content.ReadAsset
 [!] io.appium.android.apis.content.ResourcesSample
 [!] io.appium.android.apis.content.PickContact
 [!] io.appium.android.apis.content.InstallApk
 [!] io.appium.android.apis.os.MorseCode
 [!] io.appium.android.apis.os.Sensors
 [!] io.appium.android.apis.os.RotationVectorDemo
 [!] io.appium.android.apis.os.SmsMessagingDemo
 [!] io.appium.android.apis.os.SmsReceivedDialog
 [!] io.appium.android.apis.animation.AnimationLoading
 [!] io.appium.android.apis.animation.AnimationCloning
 [!] io.appium.android.apis.animation.AnimationSeeking
 [!] io.appium.android.apis.animation.AnimatorEvents
 [!] io.appium.android.apis.animation.BouncingBalls
 [!] io.appium.android.apis.animation.CustomEvaluator
 [!] io.appium.android.apis.animation.ListFlipper
 [!] io.appium.android.apis.animation.ReversingAnimation
 [!] io.appium.android.apis.animation.MultiPropertyAnimation
 [!] io.appium.android.apis.animation.LayoutAnimations
 [!] io.appium.android.apis.animation.LayoutAnimationsHideShow
 [!] io.appium.android.apis.animation.LayoutAnimationsByDefault
 [!] io.appium.android.apis.animation.Transition3d
 [!] io.appium.android.apis.view.TextClockDemo
 [!] io.appium.android.apis.view.ChronometerDemo
 [!] io.appium.android.apis.view.WebView1
 [!] io.appium.android.apis.view.WebView2
 [!] io.appium.android.apis.view.WebView3
 [!] io.appium.android.apis.view.RelativeLayout1
 [!] io.appium.android.apis.view.RelativeLayout2
 [!] io.appium.android.apis.view.LinearLayout1
 [!] io.appium.android.apis.view.LinearLayout2
 [!] io.appium.android.apis.view.LinearLayout3
 [!] io.appium.android.apis.view.LinearLayout4
 [!] io.appium.android.apis.view.LinearLayout5
 [!] io.appium.android.apis.view.LinearLayout6
 [!] io.appium.android.apis.view.LinearLayout7
 [!] io.appium.android.apis.view.LinearLayout8
 [!] io.appium.android.apis.view.LinearLayout9
 [!] io.appium.android.apis.view.LinearLayout10
 [!] io.appium.android.apis.view.RadioGroup1
 [!] io.appium.android.apis.view.ScrollView1
 [!] io.appium.android.apis.view.ScrollView2
 [!] io.appium.android.apis.view.HorizontalScrollView1
 [!] io.appium.android.apis.view.Tabs1
 [!] io.appium.android.apis.view.Tabs2
 [!] io.appium.android.apis.view.Tabs3
 [!] io.appium.android.apis.view.Tabs4
 [!] io.appium.android.apis.view.Tabs5
 [!] io.appium.android.apis.view.Tabs6
 [!] io.appium.android.apis.view.InternalSelectionScroll
 [!] io.appium.android.apis.view.TableLayout1
 [!] io.appium.android.apis.view.TableLayout2
 [!] io.appium.android.apis.view.TableLayout3
 [!] io.appium.android.apis.view.TableLayout4
 [!] io.appium.android.apis.view.TableLayout5
 [!] io.appium.android.apis.view.TableLayout6
 [!] io.appium.android.apis.view.TableLayout7
 [!] io.appium.android.apis.view.TableLayout8
 [!] io.appium.android.apis.view.TableLayout9
 [!] io.appium.android.apis.view.TableLayout10
 [!] io.appium.android.apis.view.TableLayout11
 [!] io.appium.android.apis.view.TableLayout12
 [!] io.appium.android.apis.view.GridLayout1
 [!] io.appium.android.apis.view.GridLayout2
 [!] io.appium.android.apis.view.GridLayout3
 [!] io.appium.android.apis.view.Baseline1
 [!] io.appium.android.apis.view.Baseline2
 [!] io.appium.android.apis.view.Baseline3
 [!] io.appium.android.apis.view.Baseline4
 [!] io.appium.android.apis.view.Baseline6
 [!] io.appium.android.apis.view.Baseline7
 [!] io.appium.android.apis.view.BaselineNested1
 [!] io.appium.android.apis.view.BaselineNested2
 [!] io.appium.android.apis.view.BaselineNested3
 [!] io.appium.android.apis.view.ScrollBar1
 [!] io.appium.android.apis.view.ScrollBar2
 [!] io.appium.android.apis.view.ScrollBar3
 [!] io.appium.android.apis.view.Visibility1
 [!] io.appium.android.apis.view.List1
 [!] io.appium.android.apis.view.List2
 [!] io.appium.android.apis.view.List3
 [!] io.appium.android.apis.view.List4
 [!] io.appium.android.apis.view.List5
 [!] io.appium.android.apis.view.List6
 [!] io.appium.android.apis.view.List7
 [!] io.appium.android.apis.view.List8
 [!] io.appium.android.apis.view.List9
 [!] io.appium.android.apis.view.List10
 [!] io.appium.android.apis.view.List11
 [!] io.appium.android.apis.view.List12
 [!] io.appium.android.apis.view.List13
 [!] io.appium.android.apis.view.List14
 [!] io.appium.android.apis.view.List15
 [!] io.appium.android.apis.view.List16
 [!] io.appium.android.apis.view.List17
 [!] io.appium.android.apis.view.ExpandableList1
 [!] io.appium.android.apis.view.ExpandableList2
 [!] io.appium.android.apis.view.ExpandableList3
 [!] io.appium.android.apis.view.CustomView1
 [!] io.appium.android.apis.view.Gallery1
 [!] io.appium.android.apis.view.Gallery2
 [!] io.appium.android.apis.view.Spinner1
 [!] io.appium.android.apis.view.Grid1
 [!] io.appium.android.apis.view.Grid2
 [!] io.appium.android.apis.view.Grid3
 [!] io.appium.android.apis.view.ImageView1
 [!] io.appium.android.apis.view.ImageSwitcher1
 [!] io.appium.android.apis.view.TextSwitcher1
 [!] io.appium.android.apis.view.ImageButton1
 [!] io.appium.android.apis.view.Animation1
 [!] io.appium.android.apis.view.Animation2
 [!] io.appium.android.apis.view.Animation3
 [!] io.appium.android.apis.view.LayoutAnimation1
 [!] io.appium.android.apis.view.LayoutAnimation2
 [!] io.appium.android.apis.view.LayoutAnimation3
 [!] io.appium.android.apis.view.LayoutAnimation4
 [!] io.appium.android.apis.view.LayoutAnimation5
 [!] io.appium.android.apis.view.LayoutAnimation6
 [!] io.appium.android.apis.view.LayoutAnimation7
 [!] io.appium.android.apis.view.Controls1
 [!] io.appium.android.apis.view.Controls2
 [!] io.appium.android.apis.view.Controls3
 [!] io.appium.android.apis.view.Controls4
 [!] io.appium.android.apis.view.Controls5
 [!] io.appium.android.apis.view.Controls6
 [!] io.appium.android.apis.view.TextFields
 [!] io.appium.android.apis.view.Buttons1
 [!] io.appium.android.apis.view.AutoComplete1
 [!] io.appium.android.apis.view.AutoComplete2
 [!] io.appium.android.apis.view.AutoComplete3
 [!] io.appium.android.apis.view.AutoComplete4
 [!] io.appium.android.apis.view.AutoComplete5
 [!] io.appium.android.apis.view.AutoComplete6
 [!] io.appium.android.apis.view.ProgressBar1
 [!] io.appium.android.apis.view.ProgressBar2
 [!] io.appium.android.apis.view.ProgressBar3
 [!] io.appium.android.apis.view.ProgressBar4
 [!] io.appium.android.apis.view.SeekBar1
 [!] io.appium.android.apis.view.RatingBar1
 [!] io.appium.android.apis.view.Focus1
 [!] io.appium.android.apis.view.Focus2
 [!] io.appium.android.apis.view.Focus3
 [!] io.appium.android.apis.view.InternalSelectionFocus
 [!] io.appium.android.apis.view.Focus5
 [!] io.appium.android.apis.view.DateWidgets1
 [!] io.appium.android.apis.view.DateWidgets2
 [!] io.appium.android.apis.view.PopupMenu1
 [!] io.appium.android.apis.view.SearchViewActionBar
 [!] io.appium.android.apis.view.SearchViewAlwaysVisible
 [!] io.appium.android.apis.view.SearchViewFilterMode
 [!] io.appium.android.apis.view.RotatingButton
 [!] io.appium.android.apis.view.SecureView
 [!] io.appium.android.apis.view.SplitTouchView
 [!] io.appium.android.apis.view.DragAndDropDemo
 [!] io.appium.android.apis.view.GameControllerInput
 [!] io.appium.android.apis.view.Hover
 [!] io.appium.android.apis.view.OverscanActivity
 [!] io.appium.android.apis.view.ContentBrowserActivity
 [!] io.appium.android.apis.view.VideoPlayerActivity
 [!] io.appium.android.apis.view.Switches
 [!] io.appium.android.apis.view.CustomPicker1
 [!] io.appium.android.apis.graphics.kube.Kube
 [!] io.appium.android.apis.graphics.Compass
 [!] io.appium.android.apis.graphics.CameraPreview
 [!] io.appium.android.apis.graphics.CompressedTextureActivity
 [!] io.appium.android.apis.graphics.CubeMapActivity
 [!] io.appium.android.apis.graphics.FrameBufferObjectActivity
 [!] io.appium.android.apis.graphics.GLSurfaceViewActivity
 [!] io.appium.android.apis.graphics.GLES20Activity
 [!] io.appium.android.apis.graphics.MatrixPaletteActivity
 [!] io.appium.android.apis.graphics.TranslucentGLSurfaceViewActivity
 [!] io.appium.android.apis.graphics.TriangleActivity
 [!] io.appium.android.apis.graphics.spritetext.SpriteTextActivity
 [!] io.appium.android.apis.graphics.TouchRotateActivity
 [!] io.appium.android.apis.graphics.PolyToPoly
 [!] io.appium.android.apis.graphics.ScaleToFit
 [!] io.appium.android.apis.graphics.RoundRects
 [!] io.appium.android.apis.graphics.ShapeDrawable1
 [!] io.appium.android.apis.graphics.SurfaceViewOverlay
 [!] io.appium.android.apis.graphics.WindowSurface
 [!] io.appium.android.apis.graphics.TextAlign
 [!] io.appium.android.apis.graphics.Arcs
 [!] io.appium.android.apis.graphics.Patterns
 [!] io.appium.android.apis.graphics.Clipping
 [!] io.appium.android.apis.graphics.Layers
 [!] io.appium.android.apis.graphics.UnicodeChart
 [!] io.appium.android.apis.graphics.PathFillTypes
 [!] io.appium.android.apis.graphics.Pictures
 [!] io.appium.android.apis.graphics.Vertices
 [!] io.appium.android.apis.graphics.AnimateDrawables
 [!] io.appium.android.apis.graphics.SensorTest
 [!] io.appium.android.apis.graphics.AlphaBitmap
 [!] io.appium.android.apis.graphics.Regions
 [!] io.appium.android.apis.graphics.Sweep
 [!] io.appium.android.apis.graphics.BitmapMesh
 [!] io.appium.android.apis.graphics.MeasureText
 [!] io.appium.android.apis.graphics.Typefaces
 [!] io.appium.android.apis.graphics.FingerPaint
 [!] io.appium.android.apis.graphics.ColorMatrixSample
 [!] io.appium.android.apis.graphics.BitmapDecode
 [!] io.appium.android.apis.graphics.ColorFilters
 [!] io.appium.android.apis.graphics.CreateBitmap
 [!] io.appium.android.apis.graphics.DrawPoints
 [!] io.appium.android.apis.graphics.TouchPaint
 [!] io.appium.android.apis.graphics.BitmapPixels
 [!] io.appium.android.apis.graphics.Xfermodes
 [!] io.appium.android.apis.graphics.PathEffects
 [!] io.appium.android.apis.graphics.GradientDrawable1
 [!] io.appium.android.apis.graphics.PurgeableBitmap
 [!] io.appium.android.apis.graphics.DensityActivity
 [!] io.appium.android.apis.media.MediaPlayerDemo
 [!] io.appium.android.apis.media.MediaPlayerDemo_Audio
 [!] io.appium.android.apis.media.MediaPlayerDemo_Video
 [!] io.appium.android.apis.media.VideoViewDemo
 [!] io.appium.android.apis.media.AudioFxDemo
 [!] io.appium.android.apis.appwidget.ExampleAppWidgetConfigure
 [!] io.appium.android.apis.text.Link
 [!] io.appium.android.apis.text.Marquee
 [!] io.appium.android.apis.text.LogTextBox1
 [!] io.appium.android.apis.text.KeyEventText
 [!] io.appium.android.apis.text.Unicode
 [!] io.appium.android.apis.nfc.ForegroundDispatch
 [!] io.appium.android.apis.nfc.TechFilter
 [!] io.appium.android.apis.nfc.ForegroundNdefPush